<?xml version="1.0" encoding="UTF-8"?>
<testng-results ignored="0" total="1" passed="1" failed="0" skipped="0">
  <reporter-output>
  </reporter-output>
  <suite started-at="2021-08-30T10:57:12 IST" name="Default suite" finished-at="2021-08-30T10:57:43 IST" duration-ms="30751">
    <groups>
    </groups>
    <test started-at="2021-08-30T10:57:12 IST" name="Default test" finished-at="2021-08-30T10:57:43 IST" duration-ms="30751">
      <class name="testScripts.TC_05">
        <test-method is-config="true" signature="preCondition()[pri:0, instance:testScripts.TC_05@10feca44]" started-at="2021-08-30T10:57:12 IST" name="preCondition" finished-at="2021-08-30T10:57:14 IST" duration-ms="1680" status="PASS">
          <reporter-output>
          </reporter-output>
        </test-method> <!-- preCondition -->
        <test-method is-config="true" signature="loginCredentials()[pri:0, instance:testScripts.TC_05@10feca44]" started-at="2021-08-30T10:57:14 IST" name="loginCredentials" finished-at="2021-08-30T10:57:33 IST" duration-ms="19111" status="PASS">
          <reporter-output>
          </reporter-output>
        </test-method> <!-- loginCredentials -->
        <test-method signature="CreateNewLead()[pri:0, instance:testScripts.TC_05@10feca44]" started-at="2021-08-30T10:57:33 IST" name="CreateNewLead" finished-at="2021-08-30T10:57:39 IST" duration-ms="6090" status="PASS">
          <reporter-output>
          </reporter-output>
        </test-method> <!-- CreateNewLead -->
        <test-method is-config="true" signature="signout()[pri:0, instance:testScripts.TC_05@10feca44]" started-at="2021-08-30T10:57:39 IST" name="signout" finished-at="2021-08-30T10:57:42 IST" duration-ms="3483" status="PASS">
          <reporter-output>
          </reporter-output>
        </test-method> <!-- signout -->
        <test-method is-config="true" signature="logout()[pri:0, instance:testScripts.TC_05@10feca44]" started-at="2021-08-30T10:57:42 IST" name="logout" finished-at="2021-08-30T10:57:43 IST" duration-ms="346" status="PASS">
          <reporter-output>
          </reporter-output>
        </test-method> <!-- logout -->
      </class> <!-- testScripts.TC_05 -->
    </test> <!-- Default test -->
  </suite> <!-- Default suite -->
</testng-results>
