<?xml version="1.0" encoding="UTF-8"?>
<testng-results ignored="0" total="1" passed="1" failed="0" skipped="0">
  <reporter-output>
  </reporter-output>
  <suite started-at="2021-08-31T18:14:52 IST" name="Default suite" finished-at="2021-08-31T18:15:58 IST" duration-ms="66154">
    <groups>
    </groups>
    <test started-at="2021-08-31T18:14:52 IST" name="Default test" finished-at="2021-08-31T18:15:58 IST" duration-ms="66154">
      <class name="testScripts.TC_05">
        <test-method is-config="true" signature="preCondition()[pri:0, instance:testScripts.TC_05@35aea049]" started-at="2021-08-31T18:14:52 IST" name="preCondition" finished-at="2021-08-31T18:14:56 IST" duration-ms="4726" status="PASS">
          <reporter-output>
          </reporter-output>
        </test-method> <!-- preCondition -->
        <test-method is-config="true" signature="loginCredentials()[pri:0, instance:testScripts.TC_05@35aea049]" started-at="2021-08-31T18:14:56 IST" name="loginCredentials" finished-at="2021-08-31T18:15:37 IST" duration-ms="40577" status="PASS">
          <reporter-output>
          </reporter-output>
        </test-method> <!-- loginCredentials -->
        <test-method signature="CreateNewLead()[pri:0, instance:testScripts.TC_05@35aea049]" started-at="2021-08-31T18:15:37 IST" name="CreateNewLead" finished-at="2021-08-31T18:15:51 IST" duration-ms="13988" status="PASS">
          <reporter-output>
          </reporter-output>
        </test-method> <!-- CreateNewLead -->
        <test-method is-config="true" signature="signout()[pri:0, instance:testScripts.TC_05@35aea049]" started-at="2021-08-31T18:15:51 IST" name="signout" finished-at="2021-08-31T18:15:56 IST" duration-ms="5397" status="PASS">
          <reporter-output>
          </reporter-output>
        </test-method> <!-- signout -->
        <test-method is-config="true" signature="logout()[pri:0, instance:testScripts.TC_05@35aea049]" started-at="2021-08-31T18:15:56 IST" name="logout" finished-at="2021-08-31T18:15:58 IST" duration-ms="1389" status="PASS">
          <reporter-output>
          </reporter-output>
        </test-method> <!-- logout -->
      </class> <!-- testScripts.TC_05 -->
    </test> <!-- Default test -->
  </suite> <!-- Default suite -->
</testng-results>
